[debug] [2021-01-17T17:11:38.016Z] ----------------------------------------------------------------------
[debug] [2021-01-17T17:11:38.020Z] Command:       C:\Program Files\nodejs\node.exe C:\Users\erbin\AppData\Roaming\npm\node_modules\firebase-tools\lib\bin\firebase.js emulators:start
[debug] [2021-01-17T17:11:38.021Z] CLI Version:   9.2.1
[debug] [2021-01-17T17:11:38.021Z] Platform:      win32
[debug] [2021-01-17T17:11:38.021Z] Node Version:  v14.15.1
[debug] [2021-01-17T17:11:38.023Z] Time:          Mon Jan 18 2021 00:11:38 GMT+0700 (Indochina Time)
[debug] [2021-01-17T17:11:38.023Z] ----------------------------------------------------------------------
[debug] [2021-01-17T17:11:38.023Z] 
[debug] [2021-01-17T17:11:38.034Z] > command requires scopes: ["email","openid","https://www.googleapis.com/auth/cloudplatformprojects.readonly","https://www.googleapis.com/auth/firebase","https://www.googleapis.com/auth/cloud-platform"]
[debug] [2021-01-17T17:11:38.035Z] > authorizing via signed-in user
[info] i  emulators: Starting emulators: hosting {"metadata":{"emulator":{"name":"hub"},"message":"Starting emulators: hosting"}}
[debug] [2021-01-17T17:11:38.075Z] [hub] writing locator at C:\Users\erbin\AppData\Local\Temp\hub-areks-gm.json
[debug] [2021-01-17T17:11:38.122Z] >>> [apiv2][query] GET https://firebase.googleapis.com/v1beta1/projects/areks-gm/webApps/-/config [none]
[debug] [2021-01-17T17:11:39.544Z] <<< [apiv2][status] GET https://firebase.googleapis.com/v1beta1/projects/areks-gm/webApps/-/config 200
[debug] [2021-01-17T17:11:39.544Z] <<< [apiv2][body] GET https://firebase.googleapis.com/v1beta1/projects/areks-gm/webApps/-/config {"projectId":"areks-gm","appId":"1:189477264449:web:fee71f0abce80489013ac0","storageBucket":"areks-gm.appspot.com","locationId":"asia-southeast2","apiKey":"AIzaSyAydGicvm4iwHUgV8uW4sgoSvZG_T2f8sw","authDomain":"areks-gm.firebaseapp.com","messagingSenderId":"189477264449"}
[info] i  hosting: Serving hosting files from: out {"metadata":{"emulator":{"name":"hosting"},"message":"Serving hosting files from: \u001b[1mout\u001b[22m"}}
[info] +  hosting: Local server: http://localhost:5000 {"metadata":{"emulator":{"name":"hosting"},"message":"Local server: \u001b[4m\u001b[1mhttp://localhost:5000\u001b[22m\u001b[24m"}}
[warn] !  emulators: The Emulator UI requires a project ID to start. Configure your default project with 'firebase use' or pass the ---project flag. {"metadata":{"emulator":{"name":"hub"},"message":"The Emulator UI requires a project ID to start. Configure your default project with 'firebase use' or pass the ---project flag."}}
[info] 
┌─────────────────────────────────────────────────────────────┐
│ ✔  All emulators ready! It is now safe to connect your app. │
└─────────────────────────────────────────────────────────────┘

┌──────────┬────────────────┐
│ Emulator │ Host:Port      │
├──────────┼────────────────┤
│ Hosting  │ localhost:5000 │
└──────────┴────────────────┘
  Emulator Hub running at localhost:4400
  Other reserved ports: None

Issues? Report them at https://github.com/firebase/firebase-tools/issues and attach the *-debug.log files.
 
